<?xml version="1.0" encoding="UTF-8"?>
<testng-results skipped="0" failed="0" total="1" passed="1">
  <reporter-output>
  </reporter-output>
  <suite name="Default suite" duration-ms="441" started-at="2020-05-04T05:27:32Z" finished-at="2020-05-04T05:27:33Z">
    <groups>
      <group name="cucumber">
        <method signature="AbstractTestNGCucumberTests.feature(cucumber.api.testng.CucumberFeatureWrapper)[pri:0, instance:cucumberOptions.TestRunner@5e4c8041]" name="feature" class="cucumber.api.testng.AbstractTestNGCucumberTests"/>
      </group> <!-- cucumber -->
    </groups>
    <test name="Default test" duration-ms="441" started-at="2020-05-04T05:27:32Z" finished-at="2020-05-04T05:27:33Z">
      <class name="cucumberOptions.TestRunner">
        <test-method status="PASS" signature="setUpClass()[pri:0, instance:cucumberOptions.TestRunner@5e4c8041]" name="setUpClass" is-config="true" duration-ms="208" started-at="2020-05-04T10:57:32Z" finished-at="2020-05-04T10:57:32Z">
          <reporter-output>
          </reporter-output>
        </test-method> <!-- setUpClass -->
        <test-method status="PASS" signature="feature(cucumber.api.testng.CucumberFeatureWrapper)[pri:0, instance:cucumberOptions.TestRunner@5e4c8041]" name="feature" duration-ms="98" started-at="2020-05-04T10:57:33Z" description="Runs Cucumber Feature" data-provider="features" finished-at="2020-05-04T10:57:33Z">
          <params>
            <param index="0">
              <value>
                <![CDATA[Promolta Web Applocation Test]]>
              </value>
            </param>
          </params>
          <reporter-output>
          </reporter-output>
        </test-method> <!-- feature -->
        <test-method status="PASS" signature="tearDownClass()[pri:0, instance:cucumberOptions.TestRunner@5e4c8041]" name="tearDownClass" is-config="true" duration-ms="33" started-at="2020-05-04T10:57:33Z" finished-at="2020-05-04T10:57:33Z">
          <reporter-output>
          </reporter-output>
        </test-method> <!-- tearDownClass -->
      </class> <!-- cucumberOptions.TestRunner -->
    </test> <!-- Default test -->
  </suite> <!-- Default suite -->
</testng-results>
